<?xml version="1.0" encoding="UTF-8"?>
<!-- Generated by org.testng.reporters.JUnitReportReporter -->
<testsuite hostname="tiago-desktop" failures="0" tests="2" name="com.qa.hubspot.tests.LoginPageTest" time="18.797" errors="0" timestamp="02 ago 2019 01:05:08 GMT" skipped="0">
  <testcase classname="com.qa.hubspot.tests.LoginPageTest" name="verificaTituloPaginaLogin" time="11.619"/>
  <testcase classname="com.qa.hubspot.tests.LoginPageTest" name="loginTest" time="7.178"/>
</testsuite> <!-- com.qa.hubspot.tests.LoginPageTest -->
